Arguments: 
  C:\nodejs\node.exe C:\Users\Sebi\AppData\Local\node\corepack\yarn\1.22.19\bin\yarn.js add animate.cssh

PATH: 
  C:\Users\Sebi\bin;C:\Program Files\Git\mingw64\bin;C:\Program Files\Git\usr\local\bin;C:\Program Files\Git\usr\bin;C:\Program Files\Git\usr\bin;C:\Program Files\Git\mingw64\bin;C:\Program Files\Git\usr\bin;C:\Users\Sebi\bin;C:\Program Files (x86)\Common Files\Oracle\Java\javapath;C:\WINDOWS\system32;C:\WINDOWS;C:\WINDOWS\System32\Wbem;C:\WINDOWS\System32\WindowsPowerShell\v1.0;C:\WINDOWS\System32\OpenSSH;C:\Program Files\nodejs;C:\nodejs;C:\Program Files\Git\cmd;C:\Users\Sebi\AppData\Local\Programs\Python\Python311\Scripts;C:\Users\Sebi\AppData\Local\Programs\Python\Python311;C:\Users\Sebi\AppData\Local\Microsoft\WindowsApps;C:\Users\Sebi\AppData\Roaming\npm;.c;C:\Program Files\Git\nodejs;C:\Users\Sebi\AppData\Local\Programs\Microsoft VS Code\bin;E:\flutter\bin;C:\Program Files\Git\usr\bin\vendor_perl;C:\Program Files\Git\usr\bin\core_perl

Yarn version: 
  1.22.19

Node version: 
  18.9.1

Platform: 
  win32 x64

Trace: 
  Error: https://registry.yarnpkg.com/animate.cssh: Not found
      at params.callback [as _callback] (C:\Users\Sebi\AppData\Local\node\corepack\yarn\1.22.19\lib\cli.js:66145:18)
      at self.callback (C:\Users\Sebi\AppData\Local\node\corepack\yarn\1.22.19\lib\cli.js:140890:22)
      at Request.emit (node:events:513:28)
      at Request.<anonymous> (C:\Users\Sebi\AppData\Local\node\corepack\yarn\1.22.19\lib\cli.js:141862:10)
      at Request.emit (node:events:513:28)
      at IncomingMessage.<anonymous> (C:\Users\Sebi\AppData\Local\node\corepack\yarn\1.22.19\lib\cli.js:141784:12)
      at Object.onceWrapper (node:events:627:28)
      at IncomingMessage.emit (node:events:525:35)
      at endReadableNT (node:internal/streams/readable:1359:12)
      at process.processTicksAndRejections (node:internal/process/task_queues:82:21)

npm manifest: 
  {
    "dependencies": {
      "bootstrap": "^5.3.2",
      "bootstrap-icons": "^1.11.1"
    }
  }

yarn manifest: 
  No manifest

Lockfile: 
  # THIS IS AN AUTOGENERATED FILE. DO NOT EDIT THIS FILE DIRECTLY.
  # yarn lockfile v1
  
  
  bootstrap-icons@^1.11.1:
    version "1.11.1"
    resolved "https://registry.yarnpkg.com/bootstrap-icons/-/bootstrap-icons-1.11.1.tgz#79e32494871d8c98e9d14f4bcdc278cee9b1dafd"
    integrity sha512-F0DDp7nKUX+x/QtpfRZ+XHFya60ng9nfdpdS59vDDfs4Uhuxp7zym/QavMsu/xx51txkoM9eVmpE7D08N35blw==
  
  bootstrap@^5.3.2:
    version "5.3.2"
    resolved "https://registry.yarnpkg.com/bootstrap/-/bootstrap-5.3.2.tgz#97226583f27aae93b2b28ab23f4c114757ff16ae"
    integrity sha512-D32nmNWiQHo94BKHLmOrdjlL05q1c8oxbtBphQFb9Z5to6eGRDCm0QgeaZ4zFBHzfg2++rqa2JkqCcxDy0sH0g==
